build/app/outputs/mapping/release/seeds.txt
com.example.mealmatch.MainActivity
com.example.mealmatch.MainActivity: MainActivity()
...
com.google.android.recaptcha.internal.zzby: com.google.android.recaptcha.internal.zzrh zza()
com.google.android.gms.internal.fido.zzs: void zze(com.google.android.gms.internal.fido.zze)
com.google.android.material.internal.CheckableImageButton: void setPressable(boolean)
com.google.android.gms.internal.firebase-auth-api.zzamu: int zza(java.lang.String,byte[],int,int)
com.google.android.gms.tasks.Task: com.google.android.gms.tasks.Task continueWith(java.util.concurrent.Executor,com.google.android.gms.tasks.Continuation)
com.google.android.gms.internal.firebase-auth-api.zzbu: zzbu(com.google.android.gms.internal.firebase-auth-api.zzch)
com.google.android.play.integrity.internal.t: void run()
com.google.android.recaptcha.internal.zzlo: zzlo(com.google.android.recaptcha.internal.zzlv[])
com.google.android.recaptcha.internal.zzma: void zzg(java.lang.Object,java.lang.Object)
com.google.android.gms.internal.firebase-auth-api.zzzy: void zza(java.lang.String)
com.google.firebase.firestore.FirebaseFirestoreKtxRegistrar: FirebaseFirestoreKtxRegistrar()
com.google.android.gms.internal.firebase-auth-api.zzdo$zza: com.google.android.gms.internal.firebase-auth-api.zzdo$zza zza(com.google.android.gms.internal.firebase-auth-api.zzze)
io.grpc.internal.ManagedChannelImpl$ResolutionState: io.grpc.internal.ManagedChannelImpl$ResolutionState[] values()
com.google.android.gms.internal.auth.zzae: void doExecute(com.google.android.gms.common.api.Api$AnyClient)
androidx.appcompat.widget.ActionBarOverlayLayout: void setWindowCallback(android.view.Window$Callback)
com.google.android.gms.internal.firebase-auth-api.zzhz: com.google.android.gms.internal.firebase-auth-api.zzbp zza(com.google.android.gms.internal.firebase-auth-api.zzpj,com.google.android.gms.internal.firebase-auth-api.zzcn)
com.google.android.gms.internal.fido.zzax: zzax(com.google.android.gms.internal.fido.zzaz)
com.google.android.material.textfield.TextInputLayout: com.google.android.material.shape.ShapeAppearanceModel getShapeAppearanceModel()
com.google.android.gms.internal.firebase-auth-api.zzqx: zzqx()
com.google.android.gms.internal.firebase-auth-api.zzahk: zzahk(java.lang.String,java.lang.String,java.lang.String,java.lang.String,java.lang.String,java.lang.String,java.lang.String,java.lang.String)
com.google.android.recaptcha.internal.zzos: int zzf()
com.google.android.recaptcha.internal.zzhf: java.util.Queue zzd()
com.google.android.gms.internal.firebase-auth-api.zzafg: org.json.JSONObject zza()
com.google.android.gms.internal.firebase-auth-api.zzalg: java.lang.Object zzf(int)
com.google.android.gms.internal.auth.zzbi: zzbi(com.google.android.gms.common.api.GoogleApiClient)
com.google.android.gms.common.internal.GmsClient: java.util.Set getScopes()
com.google.android.gms.internal.auth.zzfi: void zzb(java.lang.Object,java.lang.Object,long)
com.google.android.gms.internal.firebase-auth-api.zzajd: float zzb()
androidx.window.area.reflectionguard.WindowAreaComponentApi3Requirements: void removeRearDisplayPresentationStatusListener(androidx.window.extensions.core.util.function.Consumer)
com.google.android.gms.internal.fido.zzdk: java.lang.String toString()
com.google.android.gms.internal.auth.zzbt: zzbt()
androidx.appcompat.widget.Toolbar: java.lang.CharSequence getSubtitle()
com.google.android.gms.internal.auth.zzgz: com.google.android.gms.internal.auth.zzgz zza()
com.google.android.gms.internal.firebase-auth-api.zzacz: java.lang.String zza()
com.google.android.gms.internal.firebase-auth-api.zzajy$zze: boolean zze()
com.google.android.gms.internal.base.zac: void zac(android.os.Parcel,boolean)
com.google.android.gms.internal.firebase-auth-api.zzaam: zzaam(com.google.android.gms.internal.firebase-auth-api.zzzk,com.google.android.gms.internal.firebase-auth-api.zzahi,com.google.android.gms.internal.firebase-auth-api.zzade)
com.google.android.recaptcha.internal.zznl: int zzc(java.lang.String)