build/app/outputs/mapping/release/usage.txt
com.example.mealmatch.R$color
com.example.mealmatch.R$drawable
com.example.mealmatch.R$mipmap
com.example.mealmatch.R$string
com.example.mealmatch.R$style
com.example.mealmatch.R
com.example.mealmatch.MainActivity:
    private static void $r8$constructor$io$flutter$embedding$android$FlutterActivity()
    public final synthetic bridge boolean attachToEngineAutomatically()
    public static boolean attachToEngineAutomatically$io$flutter$embedding$android$FlutterActivity()
    public static void cancelBackGesture()
    public static void cancelBackGesture$io$flutter$embedding$android$FlutterActivity()
    public final synthetic bridge void cleanUpFlutterEngine()
    public static void cleanUpFlutterEngine$io$flutter$embedding$android$FlutterActivity()
    public static void commitBackGesture()
    public static void commitBackGesture$io$flutter$embedding$android$FlutterActivity()
    public final void configureFlutterEngine()
    public static void configureFlutterEngine$io$flutter$embedding$android$FlutterActivity()
    public static void configureStatusBarForFullscreenFlutterExperience()
    public static void configureStatusBarForFullscreenFlutterExperience$io$flutter$embedding$android$FlutterActivity()
    public static void configureWindowForTransparency()
    public static void configureWindowForTransparency$io$flutter$embedding$android$FlutterActivity()
    public static android.view.View createFlutterView()
    public static android.view.View createFlutterView$io$flutter$embedding$android$FlutterActivity()
    public static android.window.OnBackInvokedCallback createOnBackInvokedCallback()
...
com.google.common.io.Flushables
com.google.common.io.IgnoreJRERequirement
com.google.common.io.Java8Compatibility
com.google.common.io.LineBuffer
com.google.common.io.LineProcessor
com.google.common.io.LineReader$1
com.google.common.io.LineReader
com.google.common.io.LittleEndianDataInputStream
com.google.common.io.LittleEndianDataOutputStream
com.google.common.io.MultiInputStream
com.google.common.io.MultiReader
com.google.common.io.ParametricNullness
com.google.common.io.PatternFilenameFilter
com.google.common.io.ReaderInputStream
com.google.common.io.Resources$1
com.google.common.io.Resources$UrlByteSource
com.google.common.io.Resources
com.google.common.io.TempFileCreator$1
com.google.common.io.TempFileCreator$JavaIoCreator
com.google.common.io.TempFileCreator$JavaNioCreator$1
com.google.common.io.TempFileCreator$JavaNioCreator$PermissionSupplier
com.google.common.io.TempFileCreator$JavaNioCreator
com.google.common.io.TempFileCreator$ThrowingCreator
com.google.common.io.TempFileCreator
com.google.common.io.package-info
com.google.common.math.BigDecimalMath$BigDecimalToDoubleRounder
com.google.common.math.BigDecimalMath
com.google.common.math.BigIntegerMath$1
com.google.common.math.BigIntegerMath$BigIntegerToDoubleRounder
com.google.common.math.BigIntegerMath
com.google.common.math.DoubleMath$1
com.google.common.math.DoubleMath
com.google.common.math.DoubleUtils
com.google.common.math.ElementTypesAreNonnullByDefault
com.google.common.math.IntMath:
    static final int FLOOR_SQRT_MAX_INT
    static final int MAX_POWER_OF_SQRT2_UNSIGNED
    static final int MAX_SIGNED_POWER_OF_TWO
    private void <init>()
    public static int binomial(int,int)
    public static int ceilingPowerOfTwo(int)
    public static int checkedAdd(int,int)
    public static int checkedMultiply(int,int)
    public static int checkedPow(int,int)
    public static int checkedSubtract(int,int)
    public static int factorial(int)
    public static int floorPowerOfTwo(int)
    public static int gcd(int,int)
    public static boolean isPrime(int)
    public static int log10(int,java.math.RoundingMode)
    private static int log10Floor(int)
    public static int mean(int,int)
    public static int mod(int,int)
    public static int pow(int,int)
    public static int saturatedAdd(int,int)
    public static int saturatedPow(int,int)
    public static int saturatedSubtract(int,int)
    public static int sqrt(int,java.math.RoundingMode)
    private static int sqrtFloor(int)
com.google.common.math.LinearTransformation$1
com.google.common.math.LinearTransformation$LinearTransformationBuilder
com.google.common.math.LinearTransformation$NaNLinearTransformation
com.google.common.math.LinearTransformation$RegularLinearTransformation
com.google.common.math.LinearTransformation$VerticalLinearTransformation
com.google.common.math.LinearTransformation
com.google.common.math.LongMath$1
com.google.common.math.LongMath$MillerRabinTester$1
com.google.common.math.LongMath$MillerRabinTester$2
com.google.common.math.LongMath$MillerRabinTester